<?xml version="1.0" encoding="UTF-8"?>
<!-- Generated by org.testng.reporters.JUnitReportReporter -->
<testsuite skipped="0" hostname="BDC6-DX-3QW2N62" name="com.test.NewTest4" tests="1" failures="0" timestamp="22 Jan 2019 04:34:10 GMT" time="0.015" errors="0">
  <testcase name="testExcel" time="0.015" classname="com.test.NewTest4"/>
</testsuite> <!-- com.test.NewTest4 -->
